

----------------------------------------
checking for C compiler


----------------------------------------
checking for gcc -pipe switch


----------------------------------------
checking for --with-ld-opt="-g3"


----------------------------------------
checking for gcc variadic macros


----------------------------------------
checking for C99 variadic macros


----------------------------------------
checking for unistd.h


----------------------------------------
checking for inttypes.h


----------------------------------------
checking for limits.h


----------------------------------------
checking for sys/filio.h

objs/autotest.c:2:23: error: sys/filio.h: No such file or directory
----------

#include <sys/filio.h>

int main() {
    return 0;
}

----------
gcc -o objs/autotest objs/autotest.c
----------

----------------------------------------
checking for crypt.h


----------------------------------------
checking for epoll


----------------------------------------
checking for sendfile()


----------------------------------------
checking for sendfile64()


----------------------------------------
checking for sys/prctl.h


----------------------------------------
checking for prctl(PR_SET_DUMPABLE)


----------------------------------------
checking for sched_setaffinity()


----------------------------------------
checking for poll()


----------------------------------------
checking for /dev/poll

objs/autotest.c:4:25: error: sys/devpoll.h: No such file or directory
objs/autotest.c: In function ‘main’:
objs/autotest.c:7: error: storage size of ‘dvp’ isn’t known
objs/autotest.c:12: error: ‘DP_POLL’ undeclared (first use in this function)
objs/autotest.c:12: error: (Each undeclared identifier is reported only once
objs/autotest.c:12: error: for each function it appears in.)
----------

#include <sys/types.h>
#include <unistd.h>
#include <sys/devpoll.h>

int main() {
    int  n, dp; struct dvpoll  dvp;
                  dp = 0;
                  dvp.dp_fds = NULL;
                  dvp.dp_nfds = 0;
                  dvp.dp_timeout = 0;
                  n = ioctl(dp, DP_POLL, &dvp);
    return 0;
}

----------
gcc -g3 -D_GNU_SOURCE -D_FILE_OFFSET_BITS=64 -D_GNU_SOURCE -D_FILE_OFFSET_BITS=64 -o objs/autotest objs/autotest.c -g3
----------

----------------------------------------
checking for kqueue

objs/autotest.c:4:23: error: sys/event.h: No such file or directory
----------

#include <sys/types.h>
#include <unistd.h>
#include <sys/event.h>

int main() {
    int kq; kq = kqueue();
    return 0;
}

----------
gcc -g3 -D_GNU_SOURCE -D_FILE_OFFSET_BITS=64 -D_GNU_SOURCE -D_FILE_OFFSET_BITS=64 -o objs/autotest objs/autotest.c -g3
----------

----------------------------------------
checking for crypt()

/tmp/ccGRP1EQ.o: In function `main':
/home/xp/ngg/c/nginx-0.6.31/objs/autotest.c:7: undefined reference to `crypt'
collect2: ld returned 1 exit status
----------

#include <sys/types.h>
#include <unistd.h>


int main() {
    crypt("test", "salt");;
    return 0;
}

----------
gcc -g3 -D_GNU_SOURCE -D_FILE_OFFSET_BITS=64 -D_GNU_SOURCE -D_FILE_OFFSET_BITS=64 -o objs/autotest objs/autotest.c -g3
----------

----------------------------------------
checking for crypt() in libcrypt


----------------------------------------
checking for PCRE library


----------------------------------------
checking for int size

objs/autotest.c: In function ‘main’:
objs/autotest.c:11: warning: incompatible implicit declaration of built-in function ‘printf’

----------------------------------------
checking for long size

objs/autotest.c: In function ‘main’:
objs/autotest.c:11: warning: incompatible implicit declaration of built-in function ‘printf’

----------------------------------------
checking for long long size

objs/autotest.c: In function ‘main’:
objs/autotest.c:11: warning: incompatible implicit declaration of built-in function ‘printf’

----------------------------------------
checking for void * size

objs/autotest.c: In function ‘main’:
objs/autotest.c:11: warning: incompatible implicit declaration of built-in function ‘printf’

----------------------------------------
checking for uint64_t


----------------------------------------
checking for sig_atomic_t


----------------------------------------
checking for sig_atomic_t size

objs/autotest.c: In function ‘main’:
objs/autotest.c:11: warning: incompatible implicit declaration of built-in function ‘printf’

----------------------------------------
checking for socklen_t


----------------------------------------
checking for in_addr_t


----------------------------------------
checking for in_port_t


----------------------------------------
checking for rlim_t


checking for uintptr_t

checking for system endianess

----------------------------------------
checking for size_t size

objs/autotest.c: In function ‘main’:
objs/autotest.c:11: warning: incompatible implicit declaration of built-in function ‘printf’

----------------------------------------
checking for off_t size

objs/autotest.c: In function ‘main’:
objs/autotest.c:11: warning: incompatible implicit declaration of built-in function ‘printf’

----------------------------------------
checking for time_t size

objs/autotest.c: In function ‘main’:
objs/autotest.c:11: warning: incompatible implicit declaration of built-in function ‘printf’

----------------------------------------
checking for setproctitle()

/tmp/ccwE9Gxx.o: In function `main':
/home/xp/ngg/c/nginx-0.6.31/objs/autotest.c:7: undefined reference to `setproctitle'
collect2: ld returned 1 exit status
----------

#include <sys/types.h>
#include <unistd.h>


int main() {
    setproctitle("test");;
    return 0;
}

----------
gcc -g3 -D_GNU_SOURCE -D_FILE_OFFSET_BITS=64 -D_GNU_SOURCE -D_FILE_OFFSET_BITS=64 -o objs/autotest objs/autotest.c -g3
----------

----------------------------------------
checking for pread()


----------------------------------------
checking for pwrite()


----------------------------------------
checking for strerror_r()

objs/autotest.c: In function ‘main’:
objs/autotest.c:7: warning: assignment makes integer from pointer without a cast

----------------------------------------
checking for gnu style strerror_r()

objs/autotest.c: In function ‘main’:
objs/autotest.c:7: warning: assignment makes integer from pointer without a cast

----------------------------------------
checking for localtime_r()


----------------------------------------
checking for posix_memalign()


----------------------------------------
checking for memalign()

objs/autotest.c: In function ‘main’:
objs/autotest.c:7: warning: assignment makes pointer from integer without a cast

----------------------------------------
checking for sched_yield()


----------------------------------------
checking for mmap(MAP_ANON|MAP_SHARED)


----------------------------------------
checking for mmap("/dev/zero", MAP_SHARED)


----------------------------------------
checking for System V shared memory


----------------------------------------
checking for struct msghdr.msg_control


----------------------------------------
checking for ioctl(FIONBIO)


----------------------------------------
checking for struct tm.tm_gmtoff

